
----- Auto update started at 2025-07-07 08:20:00 -----
/Users/seyi./Library/Python/3.9/lib/python/site-packages/urllib3/__init__.py:35: NotOpenSSLWarning: urllib3 v2 only supports OpenSSL 1.1.1+, currently the 'ssl' module is compiled with 'LibreSSL 2.8.3'. See: https://github.com/urllib3/urllib3/issues/3020
  warnings.warn(

✅ Finished in 1.40 minutes
[main c9c18a0] 🤖 Auto update
 Committer: seyi <seyi.@seyis-MBP.powerhub>
Your name and email address were configured automatically based
on your username and hostname. Please check that they are accurate.
You can suppress this message by setting them explicitly. Run the
following command and follow the instructions in your editor to edit
your configuration file:

    git config --global --edit

After doing this, you may fix the identity used for this commit with:

    git commit --amend --reset-author

 2 files changed, 8 insertions(+), 6 deletions(-)
remote: Permission to seyi-sb/parsn.git denied to seyi-sb.
fatal: unable to access 'https://github.com/seyi-sb/parsn.git/': The requested URL returned error: 403
----- Auto update started at 2025-07-07 08:30:00 -----
/Users/seyi./Library/Python/3.9/lib/python/site-packages/urllib3/__init__.py:35: NotOpenSSLWarning: urllib3 v2 only supports OpenSSL 1.1.1+, currently the 'ssl' module is compiled with 'LibreSSL 2.8.3'. See: https://github.com/urllib3/urllib3/issues/3020
  warnings.warn(

✅ Finished in 1.51 minutes
